1683699303142|31|statement|connection 0|SELECT  user_card,call_times  FROM call_record     WHERE (user_card = ?)|SELECT  user_card,call_times  FROM call_record     WHERE (user_card = '420107200201287894')
1683699303210|53|statement|connection 0|INSERT INTO call_record  ( user_card, call_times )  VALUES  ( ?, ? )|INSERT INTO call_record  ( user_card, call_times )  VALUES  ( '420107200201287894', 1 )
1683699397082|28|statement|connection 0|SELECT  user_card,call_times  FROM call_record     WHERE (user_card = ?)|SELECT  user_card,call_times  FROM call_record     WHERE (user_card = '420107200201287894')
1683699397150|53|statement|connection 0|INSERT INTO call_record  ( user_card, call_times )  VALUES  ( ?, ? )|INSERT INTO call_record  ( user_card, call_times )  VALUES  ( '420107200201287894', 1 )
1683699438420|22|statement|connection 0|SELECT  user_card,call_times  FROM call_record     WHERE (user_card = ?)|SELECT  user_card,call_times  FROM call_record     WHERE (user_card = '420107200201287894')
1683699438467|45|statement|connection 0|INSERT INTO call_record  ( user_card, call_times )  VALUES  ( ?, ? )|INSERT INTO call_record  ( user_card, call_times )  VALUES  ( '420107200201287894', 1 )
1683699473111|22|statement|connection 0|SELECT  user_card,call_times  FROM call_record     WHERE (user_card = ?)|SELECT  user_card,call_times  FROM call_record     WHERE (user_card = '420107200201287894')
1683699473161|43|statement|connection 0|UPDATE call_record        WHERE (user_card = ?)|UPDATE call_record        WHERE (user_card = '420107200201287894')
1683699577251|26|statement|connection 0|SELECT  user_card,call_times  FROM call_record     WHERE (user_card = ?)|SELECT  user_card,call_times  FROM call_record     WHERE (user_card = '420107200201287894')
1683699577313|44|statement|connection 0|UPDATE call_record  SET call_times=?      WHERE (user_card = ?)|UPDATE call_record  SET call_times=2      WHERE (user_card = '420107200201287894')
1683699628454|21|statement|connection 0|SELECT  user_card,call_times  FROM call_record     WHERE (user_card = ?)|SELECT  user_card,call_times  FROM call_record     WHERE (user_card = '420107200201287894')
1683699628502|43|statement|connection 0|UPDATE call_record  SET call_times=?      WHERE (user_card = ?)|UPDATE call_record  SET call_times=3      WHERE (user_card = '420107200201287894')
1683881607884|8|statement|connection 0|SELECT  name,status  FROM call_status     WHERE (name = ?)|SELECT  name,status  FROM call_status     WHERE (name = '6006')
1683881607914|0|statement|connection 0|SELECT  user_card,call_times  FROM call_record     WHERE (user_card = ?)|SELECT  user_card,call_times  FROM call_record     WHERE (user_card = '420107200201287894')
1683881607918|2|statement|connection 0|INSERT INTO call_record  ( user_card, call_times )  VALUES  ( ?, ? )|INSERT INTO call_record  ( user_card, call_times )  VALUES  ( '420107200201287894', 1 )
1683881607925|1|statement|connection 0|INSERT INTO call_status  ( name, status )  VALUES  ( ?, ? )|INSERT INTO call_status  ( name, status )  VALUES  ( '6006', 1 )
1683881630089|2|statement|connection 0|UPDATE call_status  SET status=?      WHERE (name = ?)|UPDATE call_status  SET status=0      WHERE (name = '6006')
1683882449462|9|statement|connection 0|SELECT  name,status  FROM call_status     WHERE (name = ?)|SELECT  name,status  FROM call_status     WHERE (name = '6006')
1683882449493|0|statement|connection 0|SELECT  user_card,call_times  FROM call_record     WHERE (user_card = ?)|SELECT  user_card,call_times  FROM call_record     WHERE (user_card = '420107200201287894')
1683882449499|1|statement|connection 0|UPDATE call_record  SET call_times=?      WHERE (user_card = ?)|UPDATE call_record  SET call_times=2      WHERE (user_card = '420107200201287894')
1683882449507|2|statement|connection 0|UPDATE call_status  SET name=?, status=?      WHERE (name = ?)|UPDATE call_status  SET name='6006', status=1      WHERE (name = '6006')
1683882472699|2|statement|connection 0|UPDATE call_status  SET status=?      WHERE (name = ?)|UPDATE call_status  SET status=0      WHERE (name = '6006')
1683882472766|1|statement|connection 0|UPDATE call_status  SET status=?      WHERE (name = ?)|UPDATE call_status  SET status=0      WHERE (name = '6006')
1683882484275|0|statement|connection 0|SELECT  name,status  FROM call_status     WHERE (name = ?)|SELECT  name,status  FROM call_status     WHERE (name = '6006')
1683882484285|0|statement|connection 0|SELECT  user_card,call_times  FROM call_record     WHERE (user_card = ?)|SELECT  user_card,call_times  FROM call_record     WHERE (user_card = '420107200201287894')
1683882484290|3|statement|connection 0|UPDATE call_record  SET call_times=?      WHERE (user_card = ?)|UPDATE call_record  SET call_times=3      WHERE (user_card = '420107200201287894')
1683882484295|1|statement|connection 0|UPDATE call_status  SET name=?, status=?      WHERE (name = ?)|UPDATE call_status  SET name='6006', status=1      WHERE (name = '6006')
1683882495605|2|statement|connection 0|UPDATE call_status  SET status=?      WHERE (name = ?)|UPDATE call_status  SET status=0      WHERE (name = '6006')
1683882495669|1|statement|connection 0|UPDATE call_status  SET status=?      WHERE (name = ?)|UPDATE call_status  SET status=0      WHERE (name = '6006')
1683882501443|0|statement|connection 0|SELECT  name,status  FROM call_status     WHERE (name = ?)|SELECT  name,status  FROM call_status     WHERE (name = '6006')
1683882501447|0|statement|connection 0|SELECT  user_card,call_times  FROM call_record     WHERE (user_card = ?)|SELECT  user_card,call_times  FROM call_record     WHERE (user_card = '420107200201287894')
1684293019501|9|statement|connection 0|SELECT  name,status  FROM call_status     WHERE (name = ?)|SELECT  name,status  FROM call_status     WHERE (name = '6006')
1684293019535|1|statement|connection 0|SELECT  user_card,call_times  FROM call_record     WHERE (user_card = ?)|SELECT  user_card,call_times  FROM call_record     WHERE (user_card = '420107200201287894')
1684293019543|2|statement|connection 0|UPDATE call_record  SET call_times=?      WHERE (user_card = ?)|UPDATE call_record  SET call_times=1      WHERE (user_card = '420107200201287894')
1684293019563|1|statement|connection 0|UPDATE call_status  SET name=?, status=?      WHERE (name = ?)|UPDATE call_status  SET name='6006', status=1      WHERE (name = '6006')
1684293107253|0|statement|connection 0|SELECT  name,status  FROM call_status     WHERE (name = ?)|SELECT  name,status  FROM call_status     WHERE (name = '6006')
1684293112934|4|statement|connection 0|UPDATE call_status  SET status=?      WHERE (name = ?)|UPDATE call_status  SET status=0      WHERE (name = '6006')
1684293113573|3|statement|connection 0|UPDATE call_status  SET status=?      WHERE (name = ?)|UPDATE call_status  SET status=0      WHERE (name = '6006')
1684293135648|0|statement|connection 0|SELECT  name,status  FROM call_status     WHERE (name = ?)|SELECT  name,status  FROM call_status     WHERE (name = '6006')
1684293135652|0|statement|connection 0|SELECT  user_card,call_times  FROM call_record     WHERE (user_card = ?)|SELECT  user_card,call_times  FROM call_record     WHERE (user_card = '420107200201287894')
1684293135658|4|statement|connection 0|UPDATE call_record  SET call_times=?      WHERE (user_card = ?)|UPDATE call_record  SET call_times=2      WHERE (user_card = '420107200201287894')
1684293135670|1|statement|connection 0|UPDATE call_status  SET name=?, status=?      WHERE (name = ?)|UPDATE call_status  SET name='6006', status=1      WHERE (name = '6006')
1684293165988|1|statement|connection 0|UPDATE call_status  SET status=?      WHERE (name = ?)|UPDATE call_status  SET status=0      WHERE (name = '6006')
1684293166272|2|statement|connection 0|UPDATE call_status  SET status=?      WHERE (name = ?)|UPDATE call_status  SET status=0      WHERE (name = '6006')
1684293289502|0|statement|connection 0|SELECT  name,status  FROM call_status     WHERE (name = ?)|SELECT  name,status  FROM call_status     WHERE (name = '6006')
1684293289514|0|statement|connection 0|SELECT  user_card,call_times  FROM call_record     WHERE (user_card = ?)|SELECT  user_card,call_times  FROM call_record     WHERE (user_card = '420107200201287894')
1684293289520|3|statement|connection 0|UPDATE call_record  SET call_times=?      WHERE (user_card = ?)|UPDATE call_record  SET call_times=3      WHERE (user_card = '420107200201287894')
1684293289531|1|statement|connection 0|UPDATE call_status  SET name=?, status=?      WHERE (name = ?)|UPDATE call_status  SET name='6006', status=1      WHERE (name = '6006')
1684293344133|2|statement|connection 0|UPDATE call_status  SET status=?      WHERE (name = ?)|UPDATE call_status  SET status=0      WHERE (name = '6006')
1684293344723|1|statement|connection 0|UPDATE call_status  SET status=?      WHERE (name = ?)|UPDATE call_status  SET status=0      WHERE (name = '6006')
1684293345140|1|statement|connection 0|UPDATE call_status  SET status=?      WHERE (name = ?)|UPDATE call_status  SET status=0      WHERE (name = '6006')
1684293345370|1|statement|connection 0|UPDATE call_status  SET status=?      WHERE (name = ?)|UPDATE call_status  SET status=0      WHERE (name = '6006')
1684293354463|0|statement|connection 0|SELECT  name,status  FROM call_status     WHERE (name = ?)|SELECT  name,status  FROM call_status     WHERE (name = '6006')
1684293354467|0|statement|connection 0|SELECT  user_card,call_times  FROM call_record     WHERE (user_card = ?)|SELECT  user_card,call_times  FROM call_record     WHERE (user_card = '420107200201287894')
1684293402990|10|statement|connection 0|SELECT  name,status  FROM call_status     WHERE (name = ?)|SELECT  name,status  FROM call_status     WHERE (name = '6006')
1684293433152|1|statement|connection 0|SELECT  user_card,call_times  FROM call_record     WHERE (user_card = ?)|SELECT  user_card,call_times  FROM call_record     WHERE (user_card = '420107200201287894')
1684293433159|2|statement|connection 0|UPDATE call_record  SET call_times=?      WHERE (user_card = ?)|UPDATE call_record  SET call_times=1      WHERE (user_card = '420107200201287894')
1684293433173|1|statement|connection 0|UPDATE call_status  SET name=?, status=?      WHERE (name = ?)|UPDATE call_status  SET name='6006', status=1      WHERE (name = '6006')
1684293447105|3|statement|connection 0|UPDATE call_status  SET status=?      WHERE (name = ?)|UPDATE call_status  SET status=0      WHERE (name = '6006')
1684293447581|1|statement|connection 0|UPDATE call_status  SET status=?      WHERE (name = ?)|UPDATE call_status  SET status=0      WHERE (name = '6006')
1684293447790|1|statement|connection 0|UPDATE call_status  SET status=?      WHERE (name = ?)|UPDATE call_status  SET status=0      WHERE (name = '6006')
1684293447983|1|statement|connection 0|UPDATE call_status  SET status=?      WHERE (name = ?)|UPDATE call_status  SET status=0      WHERE (name = '6006')
1684293454258|0|statement|connection 0|SELECT  name,status  FROM call_status     WHERE (name = ?)|SELECT  name,status  FROM call_status     WHERE (name = '6006')
1684293454297|0|statement|connection 0|SELECT  user_card,call_times  FROM call_record     WHERE (user_card = ?)|SELECT  user_card,call_times  FROM call_record     WHERE (user_card = '420107200201287894')
1684293457320|1|statement|connection 0|UPDATE call_record  SET call_times=?      WHERE (user_card = ?)|UPDATE call_record  SET call_times=2      WHERE (user_card = '420107200201287894')
1684293457324|1|statement|connection 0|UPDATE call_status  SET name=?, status=?      WHERE (name = ?)|UPDATE call_status  SET name='6006', status=1      WHERE (name = '6006')
1684293467288|3|statement|connection 0|UPDATE call_status  SET status=?      WHERE (name = ?)|UPDATE call_status  SET status=0      WHERE (name = '6006')
1684293467502|1|statement|connection 0|UPDATE call_status  SET status=?      WHERE (name = ?)|UPDATE call_status  SET status=0      WHERE (name = '6006')
1684293532407|0|statement|connection 0|SELECT  name,status  FROM call_status     WHERE (name = ?)|SELECT  name,status  FROM call_status     WHERE (name = '6006')
1684293532418|0|statement|connection 0|SELECT  user_card,call_times  FROM call_record     WHERE (user_card = ?)|SELECT  user_card,call_times  FROM call_record     WHERE (user_card = '420107200201287894')
1684293532423|2|statement|connection 0|UPDATE call_record  SET call_times=?      WHERE (user_card = ?)|UPDATE call_record  SET call_times=3      WHERE (user_card = '420107200201287894')
1684293532433|1|statement|connection 0|UPDATE call_status  SET name=?, status=?      WHERE (name = ?)|UPDATE call_status  SET name='6006', status=1      WHERE (name = '6006')
1684293556750|7|statement|connection 0|SELECT  name,status  FROM call_status     WHERE (name = ?)|SELECT  name,status  FROM call_status     WHERE (name = '6006')
1684293585448|0|statement|connection 0|SELECT  name,status  FROM call_status     WHERE (name = ?)|SELECT  name,status  FROM call_status     WHERE (name = '6006')
1684293627074|0|statement|connection 0|SELECT  user_card,call_times  FROM call_record     WHERE (user_card = ?)|SELECT  user_card,call_times  FROM call_record     WHERE (user_card = '420107200201287894')
1684293648141|4|statement|connection 0|UPDATE call_status  SET status=?      WHERE (name = ?)|UPDATE call_status  SET status=0      WHERE (name = '6006')
1684293648347|2|statement|connection 0|UPDATE call_status  SET status=?      WHERE (name = ?)|UPDATE call_status  SET status=0      WHERE (name = '6006')
1684293890617|0|statement|connection 0|SELECT  name,status  FROM call_status     WHERE (name = ?)|SELECT  name,status  FROM call_status     WHERE (name = '6006')
1684293890637|0|statement|connection 0|SELECT  user_card,call_times  FROM call_record     WHERE (user_card = ?)|SELECT  user_card,call_times  FROM call_record     WHERE (user_card = '420107200201287894')
1684293904276|0|statement|connection 0|SELECT  name,status  FROM call_status     WHERE (name = ?)|SELECT  name,status  FROM call_status     WHERE (name = '6006')
1684293904280|0|statement|connection 0|SELECT  user_card,call_times  FROM call_record     WHERE (user_card = ?)|SELECT  user_card,call_times  FROM call_record     WHERE (user_card = '420107200201287894')
1684293904285|2|statement|connection 0|UPDATE call_record  SET call_times=?      WHERE (user_card = ?)|UPDATE call_record  SET call_times=1      WHERE (user_card = '420107200201287894')
1684293904300|1|statement|connection 0|UPDATE call_status  SET name=?, status=?      WHERE (name = ?)|UPDATE call_status  SET name='6006', status=1      WHERE (name = '6006')
1684294023769|1|statement|connection 0|UPDATE call_status  SET status=?      WHERE (name = ?)|UPDATE call_status  SET status=0      WHERE (name = '6006')
1684294024398|1|statement|connection 0|UPDATE call_status  SET status=?      WHERE (name = ?)|UPDATE call_status  SET status=0      WHERE (name = '6006')
1684294309992|8|statement|connection 0|SELECT  name,status  FROM call_status     WHERE (name = ?)|SELECT  name,status  FROM call_status     WHERE (name = '6006')
1684294310037|0|statement|connection 0|SELECT  user_card,call_times  FROM call_record     WHERE (user_card = ?)|SELECT  user_card,call_times  FROM call_record     WHERE (user_card = '420107200201287894')
1684294310044|1|statement|connection 0|UPDATE call_record  SET call_times=?      WHERE (user_card = ?)|UPDATE call_record  SET call_times=2      WHERE (user_card = '420107200201287894')
1684294310068|1|statement|connection 0|UPDATE call_status  SET name=?, status=?      WHERE (name = ?)|UPDATE call_status  SET name='6006', status=1      WHERE (name = '6006')
1684294327098|3|statement|connection 0|UPDATE call_status  SET status=?      WHERE (name = ?)|UPDATE call_status  SET status=0      WHERE (name = '6006')
1684294327933|1|statement|connection 0|UPDATE call_status  SET status=?      WHERE (name = ?)|UPDATE call_status  SET status=0      WHERE (name = '6006')
1684294328735|3|statement|connection 0|UPDATE call_status  SET status=?      WHERE (name = ?)|UPDATE call_status  SET status=0      WHERE (name = '6006')
1684294643001|7|statement|connection 0|SELECT  name,status  FROM call_status     WHERE (name = ?)|SELECT  name,status  FROM call_status     WHERE (name = '6006')
1684294643038|0|statement|connection 0|SELECT  user_card,call_times  FROM call_record     WHERE (user_card = ?)|SELECT  user_card,call_times  FROM call_record     WHERE (user_card = '420107200201287894')
1684294643047|1|statement|connection 0|UPDATE call_record  SET call_times=?      WHERE (user_card = ?)|UPDATE call_record  SET call_times=3      WHERE (user_card = '420107200201287894')
1684294643072|1|statement|connection 0|UPDATE call_status  SET name=?, status=?      WHERE (name = ?)|UPDATE call_status  SET name='6006', status=1      WHERE (name = '6006')
1684294776804|6|statement|connection 0|SELECT  name,status  FROM call_status     WHERE (name = ?)|SELECT  name,status  FROM call_status     WHERE (name = '6006')
1684294776845|0|statement|connection 0|SELECT  user_card,call_times  FROM call_record     WHERE (user_card = ?)|SELECT  user_card,call_times  FROM call_record     WHERE (user_card = '420107200201287894')
1684294776851|1|statement|connection 0|UPDATE call_record  SET call_times=?      WHERE (user_card = ?)|UPDATE call_record  SET call_times=1      WHERE (user_card = '420107200201287894')
1684294776878|1|statement|connection 0|UPDATE call_status  SET name=?, status=?      WHERE (name = ?)|UPDATE call_status  SET name='6006', status=1      WHERE (name = '6006')
1684294805321|3|statement|connection 0|UPDATE call_status  SET status=?      WHERE (name = ?)|UPDATE call_status  SET status=0      WHERE (name = '6006')
1684294811661|2|statement|connection 0|UPDATE call_status  SET status=?      WHERE (name = ?)|UPDATE call_status  SET status=0      WHERE (name = '6006')
1684294812018|1|statement|connection 0|UPDATE call_status  SET status=?      WHERE (name = ?)|UPDATE call_status  SET status=0      WHERE (name = '6006')
1684295034179|13|statement|connection 0|SELECT  name,status  FROM call_status     WHERE (name = ?)|SELECT  name,status  FROM call_status     WHERE (name = '6006')
1684295034206|0|statement|connection 0|SELECT  user_card,call_times  FROM call_record     WHERE (user_card = ?)|SELECT  user_card,call_times  FROM call_record     WHERE (user_card = '420107200201287894')
1684295034213|1|statement|connection 0|UPDATE call_record  SET call_times=?      WHERE (user_card = ?)|UPDATE call_record  SET call_times=2      WHERE (user_card = '420107200201287894')
1684295034226|1|statement|connection 0|UPDATE call_status  SET name=?, status=?      WHERE (name = ?)|UPDATE call_status  SET name='6006', status=1      WHERE (name = '6006')
1684295197615|3|statement|connection 0|UPDATE call_status  SET status=?      WHERE (name = ?)|UPDATE call_status  SET status=0      WHERE (name = '6006')
1684295902741|8|statement|connection 0|SELECT  name,status  FROM call_status     WHERE (name = ?)|SELECT  name,status  FROM call_status     WHERE (name = '6006')
1684295902770|0|statement|connection 0|SELECT  user_card,call_times  FROM call_record     WHERE (user_card = ?)|SELECT  user_card,call_times  FROM call_record     WHERE (user_card = '420107200201287894')
1684295902777|1|statement|connection 0|UPDATE call_record  SET call_times=?      WHERE (user_card = ?)|UPDATE call_record  SET call_times=1      WHERE (user_card = '420107200201287894')
1684295902782|1|statement|connection 0|UPDATE call_status  SET name=?, status=?      WHERE (name = ?)|UPDATE call_status  SET name='6006', status=1      WHERE (name = '6006')
1684295917390|3|statement|connection 0|SELECT  name,status  FROM call_status     WHERE (name = ?)|SELECT  name,status  FROM call_status     WHERE (name = '6006')
1684295917394|1|statement|connection 0|UPDATE call_status  SET status=?      WHERE (name = ?)|UPDATE call_status  SET status=0      WHERE (name = '6006')
1684296159923|0|statement|connection 0|SELECT  name,status  FROM call_status     WHERE (name = ?)|SELECT  name,status  FROM call_status     WHERE (name = '6006')
1684297492364|0|statement|connection 0|SELECT  name,status  FROM call_status     WHERE (name = ?)|SELECT  name,status  FROM call_status     WHERE (name = '6006')
1684297492368|0|statement|connection 0|SELECT  user_card,call_times  FROM call_record     WHERE (user_card = ?)|SELECT  user_card,call_times  FROM call_record     WHERE (user_card = '420107200201287894')
1684297492372|2|statement|connection 0|UPDATE call_record  SET call_times=?      WHERE (user_card = ?)|UPDATE call_record  SET call_times=2      WHERE (user_card = '420107200201287894')
1684297492375|1|statement|connection 0|UPDATE call_status  SET name=?, status=?      WHERE (name = ?)|UPDATE call_status  SET name='6006', status=1      WHERE (name = '6006')
1684297501673|0|statement|connection 0|SELECT  name,status  FROM call_status     WHERE (name = ?)|SELECT  name,status  FROM call_status     WHERE (name = '6006')
1684297501677|2|statement|connection 0|UPDATE call_status  SET status=?      WHERE (name = ?)|UPDATE call_status  SET status=0      WHERE (name = '6006')
1684297502110|0|statement|connection 0|SELECT  name,status  FROM call_status     WHERE (name = ?)|SELECT  name,status  FROM call_status     WHERE (name = '6006')
1684297505687|0|statement|connection 0|SELECT  name,status  FROM call_status     WHERE (name = ?)|SELECT  name,status  FROM call_status     WHERE (name = '6006')
1684297505692|0|statement|connection 0|SELECT  user_card,call_times  FROM call_record     WHERE (user_card = ?)|SELECT  user_card,call_times  FROM call_record     WHERE (user_card = '420107200201287894')
1684297505697|2|statement|connection 0|UPDATE call_record  SET call_times=?      WHERE (user_card = ?)|UPDATE call_record  SET call_times=3      WHERE (user_card = '420107200201287894')
1684297505701|1|statement|connection 0|UPDATE call_status  SET name=?, status=?      WHERE (name = ?)|UPDATE call_status  SET name='6006', status=1      WHERE (name = '6006')
1684297529142|0|statement|connection 0|SELECT  name,status  FROM call_status     WHERE (name = ?)|SELECT  name,status  FROM call_status     WHERE (name = '6006')
1684297529146|2|statement|connection 0|UPDATE call_status  SET status=?      WHERE (name = ?)|UPDATE call_status  SET status=0      WHERE (name = '6006')
1684297529676|0|statement|connection 0|SELECT  name,status  FROM call_status     WHERE (name = ?)|SELECT  name,status  FROM call_status     WHERE (name = '6006')
1684297982594|7|statement|connection 0|SELECT  name,status  FROM call_status     WHERE (name = ?)|SELECT  name,status  FROM call_status     WHERE (name = '6006')
1684297982669|0|statement|connection 0|SELECT  user_card,call_times  FROM call_record     WHERE (user_card = ?)|SELECT  user_card,call_times  FROM call_record     WHERE (user_card = '420107200201287894')
1684297982676|2|statement|connection 0|UPDATE call_record  SET call_times=?      WHERE (user_card = ?)|UPDATE call_record  SET call_times=1      WHERE (user_card = '420107200201287894')
1684297982717|1|statement|connection 0|UPDATE call_status  SET name=?, status=?      WHERE (name = ?)|UPDATE call_status  SET name='6006', status=1      WHERE (name = '6006')
1684298076764|0|statement|connection 0|SELECT  name,status  FROM call_status     WHERE (name = ?)|SELECT  name,status  FROM call_status     WHERE (name = '6006')
1684298076769|2|statement|connection 0|UPDATE call_status  SET status=?      WHERE (name = ?)|UPDATE call_status  SET status=0      WHERE (name = '6006')
1684298160043|7|statement|connection 0|SELECT  name,status  FROM call_status     WHERE (name = ?)|SELECT  name,status  FROM call_status     WHERE (name = '6006')
1684298160089|0|statement|connection 0|SELECT  user_card,call_times  FROM call_record     WHERE (user_card = ?)|SELECT  user_card,call_times  FROM call_record     WHERE (user_card = '420107200201287894')
1684298160096|2|statement|connection 0|UPDATE call_record  SET call_times=?      WHERE (user_card = ?)|UPDATE call_record  SET call_times=2      WHERE (user_card = '420107200201287894')
1684298160123|1|statement|connection 0|UPDATE call_status  SET name=?, status=?      WHERE (name = ?)|UPDATE call_status  SET name='6006', status=1      WHERE (name = '6006')
1684298183091|0|statement|connection 0|SELECT  name,status  FROM call_status     WHERE (name = ?)|SELECT  name,status  FROM call_status     WHERE (name = '6006')
1684298183096|1|statement|connection 0|UPDATE call_status  SET status=?      WHERE (name = ?)|UPDATE call_status  SET status=0      WHERE (name = '6006')
1684298183904|0|statement|connection 0|SELECT  name,status  FROM call_status     WHERE (name = ?)|SELECT  name,status  FROM call_status     WHERE (name = '6006')
1684298195721|2|statement|connection 0|SELECT  name,status  FROM call_status     WHERE (name = ?)|SELECT  name,status  FROM call_status     WHERE (name = '6006')
1684298195736|0|statement|connection 0|SELECT  user_card,call_times  FROM call_record     WHERE (user_card = ?)|SELECT  user_card,call_times  FROM call_record     WHERE (user_card = '420107200201287894')
1684298195740|1|statement|connection 0|UPDATE call_record  SET call_times=?      WHERE (user_card = ?)|UPDATE call_record  SET call_times=3      WHERE (user_card = '420107200201287894')
1684298195797|1|statement|connection 0|UPDATE call_status  SET name=?, status=?      WHERE (name = ?)|UPDATE call_status  SET name='6006', status=1      WHERE (name = '6006')
1684298210093|0|statement|connection 0|SELECT  name,status  FROM call_status     WHERE (name = ?)|SELECT  name,status  FROM call_status     WHERE (name = '6006')
1684298210097|2|statement|connection 0|UPDATE call_status  SET status=?      WHERE (name = ?)|UPDATE call_status  SET status=0      WHERE (name = '6006')
1684298210870|0|statement|connection 0|SELECT  name,status  FROM call_status     WHERE (name = ?)|SELECT  name,status  FROM call_status     WHERE (name = '6006')
1684298270488|8|statement|connection 0|SELECT  name,status  FROM call_status     WHERE (name = ?)|SELECT  name,status  FROM call_status     WHERE (name = '6006')
1684298270531|0|statement|connection 0|SELECT  user_card,call_times  FROM call_record     WHERE (user_card = ?)|SELECT  user_card,call_times  FROM call_record     WHERE (user_card = '420107200201287894')
1684298277591|0|statement|connection 0|SELECT  name,status  FROM call_status     WHERE (name = ?)|SELECT  name,status  FROM call_status     WHERE (name = '6006')
1684298277597|0|statement|connection 0|SELECT  user_card,call_times  FROM call_record     WHERE (user_card = ?)|SELECT  user_card,call_times  FROM call_record     WHERE (user_card = '420107200201287894')
1684298277605|1|statement|connection 0|UPDATE call_record  SET call_times=?      WHERE (user_card = ?)|UPDATE call_record  SET call_times=1      WHERE (user_card = '420107200201287894')
1684298277616|1|statement|connection 0|UPDATE call_status  SET name=?, status=?      WHERE (name = ?)|UPDATE call_status  SET name='6006', status=1      WHERE (name = '6006')
1684298284011|0|statement|connection 0|SELECT  name,status  FROM call_status     WHERE (name = ?)|SELECT  name,status  FROM call_status     WHERE (name = '6006')
1684298284017|1|statement|connection 0|UPDATE call_status  SET status=?      WHERE (name = ?)|UPDATE call_status  SET status=0      WHERE (name = '6006')
1684298316228|0|statement|connection 0|SELECT  name,status  FROM call_status     WHERE (name = ?)|SELECT  name,status  FROM call_status     WHERE (name = '6006')
1684298316251|0|statement|connection 0|SELECT  user_card,call_times  FROM call_record     WHERE (user_card = ?)|SELECT  user_card,call_times  FROM call_record     WHERE (user_card = '420107200201287894')
1684298316254|1|statement|connection 0|UPDATE call_record  SET call_times=?      WHERE (user_card = ?)|UPDATE call_record  SET call_times=2      WHERE (user_card = '420107200201287894')
1684298332924|3|statement|connection 0|UPDATE call_status  SET name=?, status=?      WHERE (name = ?)|UPDATE call_status  SET name='6006', status=1      WHERE (name = '6006')
1684301653595|7|statement|connection 0|SELECT  name,status  FROM call_status     WHERE (name = ?)|SELECT  name,status  FROM call_status     WHERE (name = '6006')
1684301653636|0|statement|connection 0|SELECT  user_card,call_times  FROM call_record     WHERE (user_card = ?)|SELECT  user_card,call_times  FROM call_record     WHERE (user_card = '420107200201287894')
1684301653646|4|statement|connection 0|UPDATE call_record  SET call_times=?      WHERE (user_card = ?)|UPDATE call_record  SET call_times=1      WHERE (user_card = '420107200201287894')
1684301653675|1|statement|connection 0|UPDATE call_status  SET name=?, status=?      WHERE (name = ?)|UPDATE call_status  SET name='6006', status=1      WHERE (name = '6006')
1684301666936|0|statement|connection 0|SELECT  name,status  FROM call_status     WHERE (name = ?)|SELECT  name,status  FROM call_status     WHERE (name = '6006')
1684301666940|1|statement|connection 0|UPDATE call_status  SET status=?      WHERE (name = ?)|UPDATE call_status  SET status=0      WHERE (name = '6006')
1684301720736|0|statement|connection 0|SELECT  name,status  FROM call_status     WHERE (name = ?)|SELECT  name,status  FROM call_status     WHERE (name = '6006')
1684301720749|0|statement|connection 0|SELECT  user_card,call_times  FROM call_record     WHERE (user_card = ?)|SELECT  user_card,call_times  FROM call_record     WHERE (user_card = '420107200201287894')
1684301720753|2|statement|connection 0|UPDATE call_record  SET call_times=?      WHERE (user_card = ?)|UPDATE call_record  SET call_times=2      WHERE (user_card = '420107200201287894')
1684301749125|2|statement|connection 0|UPDATE call_status  SET name=?, status=?      WHERE (name = ?)|UPDATE call_status  SET name='6006', status=1      WHERE (name = '6006')
1684301756093|0|statement|connection 0|SELECT  name,status  FROM call_status     WHERE (name = ?)|SELECT  name,status  FROM call_status     WHERE (name = '6006')
1684301756099|4|statement|connection 0|UPDATE call_status  SET status=?      WHERE (name = ?)|UPDATE call_status  SET status=0      WHERE (name = '6006')
1684301756453|0|statement|connection 0|SELECT  name,status  FROM call_status     WHERE (name = ?)|SELECT  name,status  FROM call_status     WHERE (name = '6006')
1684301778934|6|statement|connection 0|SELECT  name,status  FROM call_status     WHERE (name = ?)|SELECT  name,status  FROM call_status     WHERE (name = '6006')
1684301778978|0|statement|connection 0|SELECT  user_card,call_times  FROM call_record     WHERE (user_card = ?)|SELECT  user_card,call_times  FROM call_record     WHERE (user_card = '420107200201287894')
1684301778985|1|statement|connection 0|UPDATE call_record  SET call_times=?      WHERE (user_card = ?)|UPDATE call_record  SET call_times=3      WHERE (user_card = '420107200201287894')
1684301778994|1|statement|connection 0|UPDATE call_status  SET name=?, status=?      WHERE (name = ?)|UPDATE call_status  SET name='6006', status=1      WHERE (name = '6006')
1684301799170|0|statement|connection 0|SELECT  name,status  FROM call_status     WHERE (name = ?)|SELECT  name,status  FROM call_status     WHERE (name = '6006')
1684301799176|3|statement|connection 0|UPDATE call_status  SET status=?      WHERE (name = ?)|UPDATE call_status  SET status=0      WHERE (name = '6006')
1684301799230|1|statement|connection 0|UPDATE call_status  SET status=?      WHERE (name = ?)|UPDATE call_status  SET status=0      WHERE (name = '6006')
1684301799784|0|statement|connection 0|SELECT  name,status  FROM call_status     WHERE (name = ?)|SELECT  name,status  FROM call_status     WHERE (name = '6006')
1684301804757|0|statement|connection 0|SELECT  name,status  FROM call_status     WHERE (name = ?)|SELECT  name,status  FROM call_status     WHERE (name = '6006')
1684301804763|1|statement|connection 0|SELECT  user_card,call_times  FROM call_record     WHERE (user_card = ?)|SELECT  user_card,call_times  FROM call_record     WHERE (user_card = '420107200201287894')
1684301817639|0|statement|connection 0|SELECT  name,status  FROM call_status     WHERE (name = ?)|SELECT  name,status  FROM call_status     WHERE (name = '6006')
1684301817652|0|statement|connection 0|SELECT  user_card,call_times  FROM call_record     WHERE (user_card = ?)|SELECT  user_card,call_times  FROM call_record     WHERE (user_card = '420107200201287894')
1684301817656|2|statement|connection 0|UPDATE call_record  SET call_times=?      WHERE (user_card = ?)|UPDATE call_record  SET call_times=1      WHERE (user_card = '420107200201287894')
1684301817662|1|statement|connection 0|UPDATE call_status  SET name=?, status=?      WHERE (name = ?)|UPDATE call_status  SET name='6006', status=1      WHERE (name = '6006')
1684301817754|1|statement|connection 0|UPDATE call_status  SET status=?      WHERE (name = ?)|UPDATE call_status  SET status=0      WHERE (name = '6006')
1684301829502|0|statement|connection 0|SELECT  name,status  FROM call_status     WHERE (name = ?)|SELECT  name,status  FROM call_status     WHERE (name = '6006')
1684301829508|0|statement|connection 0|SELECT  user_card,call_times  FROM call_record     WHERE (user_card = ?)|SELECT  user_card,call_times  FROM call_record     WHERE (user_card = '420107200201287894')
1684301829513|3|statement|connection 0|UPDATE call_record  SET call_times=?      WHERE (user_card = ?)|UPDATE call_record  SET call_times=2      WHERE (user_card = '420107200201287894')
1684301829516|0|statement|connection 0|UPDATE call_status  SET name=?, status=?      WHERE (name = ?)|UPDATE call_status  SET name='6006', status=1      WHERE (name = '6006')
1684301829610|1|statement|connection 0|UPDATE call_status  SET status=?      WHERE (name = ?)|UPDATE call_status  SET status=0      WHERE (name = '6006')
1684301839805|0|statement|connection 0|SELECT  name,status  FROM call_status     WHERE (name = ?)|SELECT  name,status  FROM call_status     WHERE (name = '6006')
1684301840167|0|statement|connection 0|SELECT  name,status  FROM call_status     WHERE (name = ?)|SELECT  name,status  FROM call_status     WHERE (name = '6006')
1684301860350|1|statement|connection 0|SELECT  name,status  FROM call_status     WHERE (name = ?)|SELECT  name,status  FROM call_status     WHERE (name = '6006')
1684301860362|0|statement|connection 0|SELECT  user_card,call_times  FROM call_record     WHERE (user_card = ?)|SELECT  user_card,call_times  FROM call_record     WHERE (user_card = '420107200201287894')
1684301860368|2|statement|connection 0|UPDATE call_record  SET call_times=?      WHERE (user_card = ?)|UPDATE call_record  SET call_times=1      WHERE (user_card = '420107200201287894')
1684301860374|1|statement|connection 0|UPDATE call_status  SET name=?, status=?      WHERE (name = ?)|UPDATE call_status  SET name='6006', status=1      WHERE (name = '6006')
1684301860465|1|statement|connection 0|UPDATE call_status  SET status=?      WHERE (name = ?)|UPDATE call_status  SET status=0      WHERE (name = '6006')
1684301906430|0|statement|connection 0|SELECT  name,status  FROM call_status     WHERE (name = ?)|SELECT  name,status  FROM call_status     WHERE (name = '6006')
1684301906442|0|statement|connection 0|SELECT  user_card,call_times  FROM call_record     WHERE (user_card = ?)|SELECT  user_card,call_times  FROM call_record     WHERE (user_card = '420107200201287894')
1684301906448|3|statement|connection 0|UPDATE call_record  SET call_times=?      WHERE (user_card = ?)|UPDATE call_record  SET call_times=2      WHERE (user_card = '420107200201287894')
1684301906451|1|statement|connection 0|UPDATE call_status  SET name=?, status=?      WHERE (name = ?)|UPDATE call_status  SET name='6006', status=1      WHERE (name = '6006')
1684301906546|1|statement|connection 0|UPDATE call_status  SET status=?      WHERE (name = ?)|UPDATE call_status  SET status=0      WHERE (name = '6006')
1684301913622|0|statement|connection 0|SELECT  name,status  FROM call_status     WHERE (name = ?)|SELECT  name,status  FROM call_status     WHERE (name = '6006')
1684301913982|0|statement|connection 0|SELECT  name,status  FROM call_status     WHERE (name = ?)|SELECT  name,status  FROM call_status     WHERE (name = '6006')
1684301914168|0|statement|connection 0|SELECT  name,status  FROM call_status     WHERE (name = ?)|SELECT  name,status  FROM call_status     WHERE (name = '6006')
1684301916229|0|statement|connection 0|SELECT  name,status  FROM call_status     WHERE (name = ?)|SELECT  name,status  FROM call_status     WHERE (name = '6006')
1684301916233|0|statement|connection 0|SELECT  user_card,call_times  FROM call_record     WHERE (user_card = ?)|SELECT  user_card,call_times  FROM call_record     WHERE (user_card = '420107200201287894')
1684301916237|2|statement|connection 0|UPDATE call_record  SET call_times=?      WHERE (user_card = ?)|UPDATE call_record  SET call_times=3      WHERE (user_card = '420107200201287894')
1684301916240|0|statement|connection 0|UPDATE call_status  SET name=?, status=?      WHERE (name = ?)|UPDATE call_status  SET name='6006', status=1      WHERE (name = '6006')
1684301916334|1|statement|connection 0|UPDATE call_status  SET status=?      WHERE (name = ?)|UPDATE call_status  SET status=0      WHERE (name = '6006')
1684301965519|8|statement|connection 0|SELECT  name,status  FROM call_status     WHERE (name = ?)|SELECT  name,status  FROM call_status     WHERE (name = '6006')
1684301965568|1|statement|connection 0|SELECT  user_card,call_times  FROM call_record     WHERE (user_card = ?)|SELECT  user_card,call_times  FROM call_record     WHERE (user_card = '420107200201287894')
1684301973127|0|statement|connection 0|SELECT  name,status  FROM call_status     WHERE (name = ?)|SELECT  name,status  FROM call_status     WHERE (name = '6006')
1684301973133|0|statement|connection 0|SELECT  user_card,call_times  FROM call_record     WHERE (user_card = ?)|SELECT  user_card,call_times  FROM call_record     WHERE (user_card = '420107200201287894')
1684301973142|3|statement|connection 0|UPDATE call_record  SET call_times=?      WHERE (user_card = ?)|UPDATE call_record  SET call_times=1      WHERE (user_card = '420107200201287894')
1684301973150|1|statement|connection 0|UPDATE call_status  SET name=?, status=?      WHERE (name = ?)|UPDATE call_status  SET name='6006', status=1      WHERE (name = '6006')
1684301973247|1|statement|connection 0|UPDATE call_status  SET status=?      WHERE (name = ?)|UPDATE call_status  SET status=0      WHERE (name = '6006')
1684301980630|0|statement|connection 0|SELECT  name,status  FROM call_status     WHERE (name = ?)|SELECT  name,status  FROM call_status     WHERE (name = '6006')
1684301981205|0|statement|connection 0|SELECT  name,status  FROM call_status     WHERE (name = ?)|SELECT  name,status  FROM call_status     WHERE (name = '6006')
1684302067726|7|statement|connection 0|SELECT  name,status  FROM call_status     WHERE (name = ?)|SELECT  name,status  FROM call_status     WHERE (name = '6006')
1684302067755|0|statement|connection 0|SELECT  user_card,call_times  FROM call_record     WHERE (user_card = ?)|SELECT  user_card,call_times  FROM call_record     WHERE (user_card = '420107200201287894')
1684302067778|2|statement|connection 0|UPDATE call_record  SET call_times=?      WHERE (user_card = ?)|UPDATE call_record  SET call_times=2      WHERE (user_card = '420107200201287894')
1684302067782|1|statement|connection 0|UPDATE call_status  SET name=?, status=?      WHERE (name = ?)|UPDATE call_status  SET name='6006', status=1      WHERE (name = '6006')
1684302067870|1|statement|connection 0|UPDATE call_status  SET status=?      WHERE (name = ?)|UPDATE call_status  SET status=0      WHERE (name = '6006')
1684302089780|0|statement|connection 0|SELECT  name,status  FROM call_status     WHERE (name = ?)|SELECT  name,status  FROM call_status     WHERE (name = '6006')
1684302089787|0|statement|connection 0|SELECT  user_card,call_times  FROM call_record     WHERE (user_card = ?)|SELECT  user_card,call_times  FROM call_record     WHERE (user_card = '420107200201287894')
1684302100096|1|statement|connection 0|UPDATE call_record  SET call_times=?      WHERE (user_card = ?)|UPDATE call_record  SET call_times=1      WHERE (user_card = '420107200201287894')
1684302104998|1|statement|connection 0|UPDATE call_status  SET name=?, status=?      WHERE (name = ?)|UPDATE call_status  SET name='6006', status=1      WHERE (name = '6006')
1684302117844|0|statement|connection 0|SELECT  name,status  FROM call_status     WHERE (name = ?)|SELECT  name,status  FROM call_status     WHERE (name = '6006')
1684302117848|1|statement|connection 0|UPDATE call_status  SET status=?      WHERE (name = ?)|UPDATE call_status  SET status=0      WHERE (name = '6006')
1684302117905|1|statement|connection 0|UPDATE call_status  SET status=?      WHERE (name = ?)|UPDATE call_status  SET status=0      WHERE (name = '6006')
1684302118486|0|statement|connection 0|SELECT  name,status  FROM call_status     WHERE (name = ?)|SELECT  name,status  FROM call_status     WHERE (name = '6006')
1684302125431|0|statement|connection 0|SELECT  name,status  FROM call_status     WHERE (name = ?)|SELECT  name,status  FROM call_status     WHERE (name = '6006')
1684302125434|0|statement|connection 0|SELECT  user_card,call_times  FROM call_record     WHERE (user_card = ?)|SELECT  user_card,call_times  FROM call_record     WHERE (user_card = '420107200201287894')
1684302129997|2|statement|connection 0|UPDATE call_record  SET call_times=?      WHERE (user_card = ?)|UPDATE call_record  SET call_times=2      WHERE (user_card = '420107200201287894')
1684302130004|3|statement|connection 0|UPDATE call_status  SET name=?, status=?      WHERE (name = ?)|UPDATE call_status  SET name='6006', status=1      WHERE (name = '6006')
1684302138832|0|statement|connection 0|SELECT  name,status  FROM call_status     WHERE (name = ?)|SELECT  name,status  FROM call_status     WHERE (name = '6006')
1684302138834|0|statement|connection 0|UPDATE call_status  SET status=?      WHERE (name = ?)|UPDATE call_status  SET status=0      WHERE (name = '6006')
1684302138891|1|statement|connection 0|UPDATE call_status  SET status=?      WHERE (name = ?)|UPDATE call_status  SET status=0      WHERE (name = '6006')
1684302139245|0|statement|connection 0|SELECT  name,status  FROM call_status     WHERE (name = ?)|SELECT  name,status  FROM call_status     WHERE (name = '6006')
1684302142789|0|statement|connection 0|SELECT  name,status  FROM call_status     WHERE (name = ?)|SELECT  name,status  FROM call_status     WHERE (name = '6006')
1684302142792|0|statement|connection 0|SELECT  user_card,call_times  FROM call_record     WHERE (user_card = ?)|SELECT  user_card,call_times  FROM call_record     WHERE (user_card = '420107200201287894')
1684302142800|3|statement|connection 0|UPDATE call_record  SET call_times=?      WHERE (user_card = ?)|UPDATE call_record  SET call_times=3      WHERE (user_card = '420107200201287894')
1684302142802|0|statement|connection 0|UPDATE call_status  SET name=?, status=?      WHERE (name = ?)|UPDATE call_status  SET name='6006', status=1      WHERE (name = '6006')
1684302153864|0|statement|connection 0|SELECT  name,status  FROM call_status     WHERE (name = ?)|SELECT  name,status  FROM call_status     WHERE (name = '6006')
1684302153868|3|statement|connection 0|UPDATE call_status  SET status=?      WHERE (name = ?)|UPDATE call_status  SET status=0      WHERE (name = '6006')
1684302159187|0|statement|connection 0|SELECT  name,status  FROM call_status     WHERE (name = ?)|SELECT  name,status  FROM call_status     WHERE (name = '6006')
1684302159190|0|statement|connection 0|SELECT  user_card,call_times  FROM call_record     WHERE (user_card = ?)|SELECT  user_card,call_times  FROM call_record     WHERE (user_card = '420107200201287894')
1684302166004|0|statement|connection 0|SELECT  name,status  FROM call_status     WHERE (name = ?)|SELECT  name,status  FROM call_status     WHERE (name = '6006')
1684302166008|0|statement|connection 0|SELECT  user_card,call_times  FROM call_record     WHERE (user_card = ?)|SELECT  user_card,call_times  FROM call_record     WHERE (user_card = '420107')
1684302166016|2|statement|connection 0|INSERT INTO call_record  ( user_card, call_times )  VALUES  ( ?, ? )|INSERT INTO call_record  ( user_card, call_times )  VALUES  ( '420107', 1 )
1684302166019|0|statement|connection 0|UPDATE call_status  SET name=?, status=?      WHERE (name = ?)|UPDATE call_status  SET name='6006', status=1      WHERE (name = '6006')
1684302173479|0|statement|connection 0|SELECT  name,status  FROM call_status     WHERE (name = ?)|SELECT  name,status  FROM call_status     WHERE (name = '6006')
1684302173484|2|statement|connection 0|UPDATE call_status  SET status=?      WHERE (name = ?)|UPDATE call_status  SET status=0      WHERE (name = '6006')
1684302173540|1|statement|connection 0|UPDATE call_status  SET status=?      WHERE (name = ?)|UPDATE call_status  SET status=0      WHERE (name = '6006')
1684302178469|0|statement|connection 0|SELECT  name,status  FROM call_status     WHERE (name = ?)|SELECT  name,status  FROM call_status     WHERE (name = '6006')
1684302178472|0|statement|connection 0|SELECT  user_card,call_times  FROM call_record     WHERE (user_card = ?)|SELECT  user_card,call_times  FROM call_record     WHERE (user_card = '420107')
1684302178477|2|statement|connection 0|UPDATE call_record  SET call_times=?      WHERE (user_card = ?)|UPDATE call_record  SET call_times=2      WHERE (user_card = '420107')
1684302178482|3|statement|connection 0|UPDATE call_status  SET name=?, status=?      WHERE (name = ?)|UPDATE call_status  SET name='6006', status=1      WHERE (name = '6006')
1684302187263|1|statement|connection 0|SELECT  name,status  FROM call_status     WHERE (name = ?)|SELECT  name,status  FROM call_status     WHERE (name = '6006')
1684302187267|2|statement|connection 0|UPDATE call_status  SET status=?      WHERE (name = ?)|UPDATE call_status  SET status=0      WHERE (name = '6006')
1684302187315|1|statement|connection 0|UPDATE call_status  SET status=?      WHERE (name = ?)|UPDATE call_status  SET status=0      WHERE (name = '6006')
1684302187454|0|statement|connection 0|SELECT  name,status  FROM call_status     WHERE (name = ?)|SELECT  name,status  FROM call_status     WHERE (name = '6006')
1684302187739|0|statement|connection 0|SELECT  name,status  FROM call_status     WHERE (name = ?)|SELECT  name,status  FROM call_status     WHERE (name = '6006')
1684302188244|0|statement|connection 0|SELECT  name,status  FROM call_status     WHERE (name = ?)|SELECT  name,status  FROM call_status     WHERE (name = '6006')
1684302255935|16|statement|connection 0|SELECT  name,status  FROM call_status     WHERE (name = ?)|SELECT  name,status  FROM call_status     WHERE (name = '6006')
1684302261899|0|statement|connection 0|SELECT  name,status  FROM call_status     WHERE (name = ?)|SELECT  name,status  FROM call_status     WHERE (name = '6006')
1684302261917|0|statement|connection 0|SELECT  user_card,call_times  FROM call_record     WHERE (user_card = ?)|SELECT  user_card,call_times  FROM call_record     WHERE (user_card = '420107')
1684302261944|2|statement|connection 0|UPDATE call_record  SET call_times=?      WHERE (user_card = ?)|UPDATE call_record  SET call_times=1      WHERE (user_card = '420107')
1684302261948|1|statement|connection 0|UPDATE call_status  SET name=?, status=?      WHERE (name = ?)|UPDATE call_status  SET name='6006', status=1      WHERE (name = '6006')
1684302267784|0|statement|connection 0|SELECT  name,status  FROM call_status     WHERE (name = ?)|SELECT  name,status  FROM call_status     WHERE (name = '6006')
1684302267789|2|statement|connection 0|UPDATE call_status  SET status=?      WHERE (name = ?)|UPDATE call_status  SET status=0      WHERE (name = '6006')
1684302267839|0|statement|connection 0|UPDATE call_status  SET status=?      WHERE (name = ?)|UPDATE call_status  SET status=0      WHERE (name = '6006')
